2016-10-22 19:05:53 [::1][-][e6t8dqv3pvt2uem428qhnht9j5][error][yii\web\HttpException:404] exception 'yii\base\InvalidRouteException' with message 'Unable to resolve the request "student".' in C:\Users\johan\Desktop\Project---LSC-2\Application\advanced\vendor\yiisoft\yii2\base\Module.php:460
Stack trace:
#0 C:\Users\johan\Desktop\Project---LSC-2\Application\advanced\vendor\yiisoft\yii2\web\Application.php(84): yii\base\Module->runAction('student', Array)
#1 C:\Users\johan\Desktop\Project---LSC-2\Application\advanced\vendor\yiisoft\yii2\base\Application.php(375): yii\web\Application->handleRequest(Object(yii\web\Request))
#2 C:\Users\johan\Desktop\Project---LSC-2\Application\advanced\backend\web\index.php(18): yii\base\Application->run()
#3 {main}

Next exception 'yii\web\NotFoundHttpException' with message 'Page not found.' in C:\Users\johan\Desktop\Project---LSC-2\Application\advanced\vendor\yiisoft\yii2\web\Application.php:96
Stack trace:
#0 C:\Users\johan\Desktop\Project---LSC-2\Application\advanced\vendor\yiisoft\yii2\base\Application.php(375): yii\web\Application->handleRequest(Object(yii\web\Request))
#1 C:\Users\johan\Desktop\Project---LSC-2\Application\advanced\backend\web\index.php(18): yii\base\Application->run()
#2 {main}
2016-10-22 19:05:51 [::1][-][e6t8dqv3pvt2uem428qhnht9j5][info][application] $_GET = [
    'r' => 'student'
]

$_SESSION = [
    '__flash' => []
]

$_SERVER = [
    'MIBDIRS' => 'C:/xampp/php/extras/mibs'
    'MYSQL_HOME' => '\\xampp\\mysql\\bin'
    'OPENSSL_CONF' => 'C:/xampp/apache/bin/openssl.cnf'
    'PHP_PEAR_SYSCONF_DIR' => '\\xampp\\php'
    'PHPRC' => '\\xampp\\php'
    'TMP' => '\\xampp\\tmp'
    'HTTP_HOST' => 'localhost'
    'HTTP_CONNECTION' => 'keep-alive'
    'HTTP_UPGRADE_INSECURE_REQUESTS' => '1'
    'HTTP_USER_AGENT' => 'Mozilla/5.0 (Windows NT 10.0; Win64; x64) AppleWebKit/537.36 (KHTML, like Gecko) Chrome/53.0.2785.143 Safari/537.36'
    'HTTP_ACCEPT' => 'text/html,application/xhtml+xml,application/xml;q=0.9,image/webp,*/*;q=0.8'
    'HTTP_ACCEPT_ENCODING' => 'gzip, deflate, sdch'
    'HTTP_ACCEPT_LANGUAGE' => 'en-US,en;q=0.8'
    'PATH' => 'C:\\ProgramData\\Oracle\\Java\\javapath;C:\\WINDOWS\\system32;C:\\WINDOWS;C:\\WINDOWS\\System32\\Wbem;C:\\WINDOWS\\System32\\WindowsPowerShell\\v1.0\\;C:\\Program Files\\TortoiseSVN\\bin;C:\\Program Files\\Java\\jdk1.8.0_91\\bin;C:\\Program Files\\Java\\jre1.8.0_91\\bin;C:\\xampp\\htdocs\\advanced;C:\\Program Files\\TortoiseGit\\bin;C:\\xampp\\;C:\\xampp\\htdocs\\advanced\\init;C:\\WINDOWS\\system32\\config\\systemprofile\\.dnx\\bin;C:\\Program Files\\Microsoft DNX\\Dnvm\\;C:\\Program Files\\Microsoft SQL Server\\130\\Tools\\Binn\\;C:\\xampp\\php;C:\\ProgramData\\ComposerSetup\\bin;C:\\Program Files\\CloudFoundry;C:\\Program Files\\Git\\cmd;C:\\Users\\johan\\AppData\\Roaming\\Composer\\vendor\\bin;C:\\Users\\johan\\AppData\\Local\\Microsoft\\WindowsApps;'
    'SystemRoot' => 'C:\\WINDOWS'
    'COMSPEC' => 'C:\\WINDOWS\\system32\\cmd.exe'
    'PATHEXT' => '.COM;.EXE;.BAT;.CMD;.VBS;.VBE;.JS;.JSE;.WSF;.WSH;.MSC'
    'WINDIR' => 'C:\\WINDOWS'
    'SERVER_SIGNATURE' => '<address>Apache/2.4.17 (Win32) OpenSSL/1.0.2d PHP/5.6.21 Server at localhost Port 80</address>
'
    'SERVER_SOFTWARE' => 'Apache/2.4.17 (Win32) OpenSSL/1.0.2d PHP/5.6.21'
    'SERVER_NAME' => 'localhost'
    'SERVER_ADDR' => '::1'
    'SERVER_PORT' => '80'
    'REMOTE_ADDR' => '::1'
    'DOCUMENT_ROOT' => 'C:/xampp/htdocs'
    'REQUEST_SCHEME' => 'http'
    'CONTEXT_PREFIX' => ''
    'CONTEXT_DOCUMENT_ROOT' => 'C:/xampp/htdocs'
    'SERVER_ADMIN' => 'postmaster@localhost'
    'SCRIPT_FILENAME' => 'C:/xampp/htdocs/advanced/backend/web/index.php'
    'REMOTE_PORT' => '61234'
    'GATEWAY_INTERFACE' => 'CGI/1.1'
    'SERVER_PROTOCOL' => 'HTTP/1.1'
    'REQUEST_METHOD' => 'GET'
    'QUERY_STRING' => 'r=student'
    'REQUEST_URI' => '/advanced/backend/web/index.php?r=student'
    'SCRIPT_NAME' => '/advanced/backend/web/index.php'
    'PHP_SELF' => '/advanced/backend/web/index.php'
    'REQUEST_TIME_FLOAT' => 1477155950.84
    'REQUEST_TIME' => 1477155950
]
2016-10-22 22:57:56 [::1][-][-][error][yii\base\InvalidParamException] exception 'yii\base\InvalidParamException' with message 'The view file does not exist: C:\Users\johan\Desktop\Project---LSC-2\Application\advanced\backend\views\student\index.php' in C:\Users\johan\Desktop\Project---LSC-2\Application\advanced\vendor\yiisoft\yii2\base\View.php:226
Stack trace:
#0 C:\Users\johan\Desktop\Project---LSC-2\Application\advanced\vendor\yiisoft\yii2\base\View.php(149): yii\base\View->renderFile('C:\\Users\\johan\\...', Array, Object(backend\controllers\StudentController))
#1 C:\Users\johan\Desktop\Project---LSC-2\Application\advanced\vendor\yiisoft\yii2\base\Controller.php(378): yii\base\View->render('index', Array, Object(backend\controllers\StudentController))
#2 C:\Users\johan\Desktop\Project---LSC-2\Application\advanced\backend\controllers\StudentController.php(44): yii\base\Controller->render('index', Array)
#3 [internal function]: backend\controllers\StudentController->actionIndex()
#4 C:\Users\johan\Desktop\Project---LSC-2\Application\advanced\vendor\yiisoft\yii2\base\InlineAction.php(55): call_user_func_array(Array, Array)
#5 C:\Users\johan\Desktop\Project---LSC-2\Application\advanced\vendor\yiisoft\yii2\base\Controller.php(154): yii\base\InlineAction->runWithParams(Array)
#6 C:\Users\johan\Desktop\Project---LSC-2\Application\advanced\vendor\yiisoft\yii2\base\Module.php(454): yii\base\Controller->runAction('', Array)
#7 C:\Users\johan\Desktop\Project---LSC-2\Application\advanced\vendor\yiisoft\yii2\web\Application.php(84): yii\base\Module->runAction('student', Array)
#8 C:\Users\johan\Desktop\Project---LSC-2\Application\advanced\vendor\yiisoft\yii2\base\Application.php(375): yii\web\Application->handleRequest(Object(yii\web\Request))
#9 C:\Users\johan\Desktop\Project---LSC-2\Application\advanced\backend\web\index.php(18): yii\base\Application->run()
#10 {main}
2016-10-22 22:57:52 [::1][-][-][info][application] $_GET = [
    'r' => 'student'
]

$_SERVER = [
    'MIBDIRS' => 'C:/xampp/php/extras/mibs'
    'MYSQL_HOME' => '\\xampp\\mysql\\bin'
    'OPENSSL_CONF' => 'C:/xampp/apache/bin/openssl.cnf'
    'PHP_PEAR_SYSCONF_DIR' => '\\xampp\\php'
    'PHPRC' => '\\xampp\\php'
    'TMP' => '\\xampp\\tmp'
    'HTTP_HOST' => 'localhost'
    'HTTP_CONNECTION' => 'keep-alive'
    'HTTP_UPGRADE_INSECURE_REQUESTS' => '1'
    'HTTP_USER_AGENT' => 'Mozilla/5.0 (Windows NT 10.0; Win64; x64) AppleWebKit/537.36 (KHTML, like Gecko) Chrome/53.0.2785.143 Safari/537.36'
    'HTTP_ACCEPT' => 'text/html,application/xhtml+xml,application/xml;q=0.9,image/webp,*/*;q=0.8'
    'HTTP_ACCEPT_ENCODING' => 'gzip, deflate, sdch'
    'HTTP_ACCEPT_LANGUAGE' => 'en-US,en;q=0.8'
    'PATH' => 'C:\\ProgramData\\Oracle\\Java\\javapath;C:\\WINDOWS\\system32;C:\\WINDOWS;C:\\WINDOWS\\System32\\Wbem;C:\\WINDOWS\\System32\\WindowsPowerShell\\v1.0\\;C:\\Program Files\\TortoiseSVN\\bin;C:\\Program Files\\Java\\jdk1.8.0_91\\bin;C:\\Program Files\\Java\\jre1.8.0_91\\bin;C:\\xampp\\htdocs\\advanced;C:\\Program Files\\TortoiseGit\\bin;C:\\xampp\\;C:\\xampp\\htdocs\\advanced\\init;C:\\WINDOWS\\system32\\config\\systemprofile\\.dnx\\bin;C:\\Program Files\\Microsoft DNX\\Dnvm\\;C:\\Program Files\\Microsoft SQL Server\\130\\Tools\\Binn\\;C:\\xampp\\php;C:\\ProgramData\\ComposerSetup\\bin;C:\\Program Files\\CloudFoundry;C:\\Program Files\\Git\\cmd;C:\\Users\\johan\\AppData\\Roaming\\Composer\\vendor\\bin;C:\\Users\\johan\\AppData\\Local\\Microsoft\\WindowsApps;'
    'SystemRoot' => 'C:\\WINDOWS'
    'COMSPEC' => 'C:\\WINDOWS\\system32\\cmd.exe'
    'PATHEXT' => '.COM;.EXE;.BAT;.CMD;.VBS;.VBE;.JS;.JSE;.WSF;.WSH;.MSC'
    'WINDIR' => 'C:\\WINDOWS'
    'SERVER_SIGNATURE' => '<address>Apache/2.4.17 (Win32) OpenSSL/1.0.2d PHP/5.6.21 Server at localhost Port 80</address>
'
    'SERVER_SOFTWARE' => 'Apache/2.4.17 (Win32) OpenSSL/1.0.2d PHP/5.6.21'
    'SERVER_NAME' => 'localhost'
    'SERVER_ADDR' => '::1'
    'SERVER_PORT' => '80'
    'REMOTE_ADDR' => '::1'
    'DOCUMENT_ROOT' => 'C:/xampp/htdocs'
    'REQUEST_SCHEME' => 'http'
    'CONTEXT_PREFIX' => ''
    'CONTEXT_DOCUMENT_ROOT' => 'C:/xampp/htdocs'
    'SERVER_ADMIN' => 'postmaster@localhost'
    'SCRIPT_FILENAME' => 'C:/xampp/htdocs/advanced/backend/web/index.php'
    'REMOTE_PORT' => '51820'
    'GATEWAY_INTERFACE' => 'CGI/1.1'
    'SERVER_PROTOCOL' => 'HTTP/1.1'
    'REQUEST_METHOD' => 'GET'
    'QUERY_STRING' => 'r=student'
    'REQUEST_URI' => '/advanced/backend/web/index.php?r=student'
    'SCRIPT_NAME' => '/advanced/backend/web/index.php'
    'PHP_SELF' => '/advanced/backend/web/index.php'
    'REQUEST_TIME_FLOAT' => 1477169872.571
    'REQUEST_TIME' => 1477169872
]
2016-10-22 23:01:16 [::1][-][3iu5l0j8sf0f7ru1ljd5uvr0a3][error][yii\web\HttpException:404] exception 'yii\base\InvalidRouteException' with message 'Unable to resolve the request "hii".' in C:\Users\johan\Desktop\Project---LSC-2\Application\advanced\vendor\yiisoft\yii2\base\Module.php:460
Stack trace:
#0 C:\Users\johan\Desktop\Project---LSC-2\Application\advanced\vendor\yiisoft\yii2\web\Application.php(84): yii\base\Module->runAction('hii', Array)
#1 C:\Users\johan\Desktop\Project---LSC-2\Application\advanced\vendor\yiisoft\yii2\base\Application.php(375): yii\web\Application->handleRequest(Object(yii\web\Request))
#2 C:\Users\johan\Desktop\Project---LSC-2\Application\advanced\backend\web\index.php(18): yii\base\Application->run()
#3 {main}

Next exception 'yii\web\NotFoundHttpException' with message 'Page not found.' in C:\Users\johan\Desktop\Project---LSC-2\Application\advanced\vendor\yiisoft\yii2\web\Application.php:96
Stack trace:
#0 C:\Users\johan\Desktop\Project---LSC-2\Application\advanced\vendor\yiisoft\yii2\base\Application.php(375): yii\web\Application->handleRequest(Object(yii\web\Request))
#1 C:\Users\johan\Desktop\Project---LSC-2\Application\advanced\backend\web\index.php(18): yii\base\Application->run()
#2 {main}
2016-10-22 23:01:15 [::1][-][3iu5l0j8sf0f7ru1ljd5uvr0a3][info][application] $_GET = [
    'r' => 'hii'
]

$_COOKIE = [
    'PHPSESSID' => '3iu5l0j8sf0f7ru1ljd5uvr0a3'
    '_csrf' => '0d3a4818c31f9e10daef2be7f7e7c9df02d8201678ae477a01bb6f42c0bd1eaaa:2:{i:0;s:5:\"_csrf\";i:1;s:32:\"CSYnlghSe08ti9JSBVIC7VkCwQel-Yoh\";}'
]

$_SESSION = [
    '__flash' => []
]

$_SERVER = [
    'MIBDIRS' => 'C:/xampp/php/extras/mibs'
    'MYSQL_HOME' => '\\xampp\\mysql\\bin'
    'OPENSSL_CONF' => 'C:/xampp/apache/bin/openssl.cnf'
    'PHP_PEAR_SYSCONF_DIR' => '\\xampp\\php'
    'PHPRC' => '\\xampp\\php'
    'TMP' => '\\xampp\\tmp'
    'HTTP_HOST' => 'localhost'
    'HTTP_CONNECTION' => 'keep-alive'
    'HTTP_UPGRADE_INSECURE_REQUESTS' => '1'
    'HTTP_USER_AGENT' => 'Mozilla/5.0 (Windows NT 10.0; Win64; x64) AppleWebKit/537.36 (KHTML, like Gecko) Chrome/53.0.2785.143 Safari/537.36'
    'HTTP_ACCEPT' => 'text/html,application/xhtml+xml,application/xml;q=0.9,image/webp,*/*;q=0.8'
    'HTTP_ACCEPT_ENCODING' => 'gzip, deflate, sdch'
    'HTTP_ACCEPT_LANGUAGE' => 'en-US,en;q=0.8'
    'HTTP_COOKIE' => 'PHPSESSID=3iu5l0j8sf0f7ru1ljd5uvr0a3; _csrf=0d3a4818c31f9e10daef2be7f7e7c9df02d8201678ae477a01bb6f42c0bd1eaaa%3A2%3A%7Bi%3A0%3Bs%3A5%3A%22_csrf%22%3Bi%3A1%3Bs%3A32%3A%22CSYnlghSe08ti9JSBVIC7VkCwQel-Yoh%22%3B%7D'
    'PATH' => 'C:\\ProgramData\\Oracle\\Java\\javapath;C:\\WINDOWS\\system32;C:\\WINDOWS;C:\\WINDOWS\\System32\\Wbem;C:\\WINDOWS\\System32\\WindowsPowerShell\\v1.0\\;C:\\Program Files\\TortoiseSVN\\bin;C:\\Program Files\\Java\\jdk1.8.0_91\\bin;C:\\Program Files\\Java\\jre1.8.0_91\\bin;C:\\xampp\\htdocs\\advanced;C:\\Program Files\\TortoiseGit\\bin;C:\\xampp\\;C:\\xampp\\htdocs\\advanced\\init;C:\\WINDOWS\\system32\\config\\systemprofile\\.dnx\\bin;C:\\Program Files\\Microsoft DNX\\Dnvm\\;C:\\Program Files\\Microsoft SQL Server\\130\\Tools\\Binn\\;C:\\xampp\\php;C:\\ProgramData\\ComposerSetup\\bin;C:\\Program Files\\CloudFoundry;C:\\Program Files\\Git\\cmd;C:\\Users\\johan\\AppData\\Roaming\\Composer\\vendor\\bin;C:\\Users\\johan\\AppData\\Local\\Microsoft\\WindowsApps;'
    'SystemRoot' => 'C:\\WINDOWS'
    'COMSPEC' => 'C:\\WINDOWS\\system32\\cmd.exe'
    'PATHEXT' => '.COM;.EXE;.BAT;.CMD;.VBS;.VBE;.JS;.JSE;.WSF;.WSH;.MSC'
    'WINDIR' => 'C:\\WINDOWS'
    'SERVER_SIGNATURE' => '<address>Apache/2.4.17 (Win32) OpenSSL/1.0.2d PHP/5.6.21 Server at localhost Port 80</address>
'
    'SERVER_SOFTWARE' => 'Apache/2.4.17 (Win32) OpenSSL/1.0.2d PHP/5.6.21'
    'SERVER_NAME' => 'localhost'
    'SERVER_ADDR' => '::1'
    'SERVER_PORT' => '80'
    'REMOTE_ADDR' => '::1'
    'DOCUMENT_ROOT' => 'C:/xampp/htdocs'
    'REQUEST_SCHEME' => 'http'
    'CONTEXT_PREFIX' => ''
    'CONTEXT_DOCUMENT_ROOT' => 'C:/xampp/htdocs'
    'SERVER_ADMIN' => 'postmaster@localhost'
    'SCRIPT_FILENAME' => 'C:/xampp/htdocs/advanced/backend/web/index.php'
    'REMOTE_PORT' => '51954'
    'GATEWAY_INTERFACE' => 'CGI/1.1'
    'SERVER_PROTOCOL' => 'HTTP/1.1'
    'REQUEST_METHOD' => 'GET'
    'QUERY_STRING' => 'r=hii'
    'REQUEST_URI' => '/advanced/backend/web/index.php?r=hii'
    'SCRIPT_NAME' => '/advanced/backend/web/index.php'
    'PHP_SELF' => '/advanced/backend/web/index.php'
    'REQUEST_TIME_FLOAT' => 1477170075.842
    'REQUEST_TIME' => 1477170075
]
2016-10-22 23:01:25 [::1][-][3iu5l0j8sf0f7ru1ljd5uvr0a3][error][yii\web\HttpException:404] exception 'yii\base\InvalidRouteException' with message 'Unable to resolve the request "tii".' in C:\Users\johan\Desktop\Project---LSC-2\Application\advanced\vendor\yiisoft\yii2\base\Module.php:460
Stack trace:
#0 C:\Users\johan\Desktop\Project---LSC-2\Application\advanced\vendor\yiisoft\yii2\web\Application.php(84): yii\base\Module->runAction('tii', Array)
#1 C:\Users\johan\Desktop\Project---LSC-2\Application\advanced\vendor\yiisoft\yii2\base\Application.php(375): yii\web\Application->handleRequest(Object(yii\web\Request))
#2 C:\Users\johan\Desktop\Project---LSC-2\Application\advanced\backend\web\index.php(18): yii\base\Application->run()
#3 {main}

Next exception 'yii\web\NotFoundHttpException' with message 'Page not found.' in C:\Users\johan\Desktop\Project---LSC-2\Application\advanced\vendor\yiisoft\yii2\web\Application.php:96
Stack trace:
#0 C:\Users\johan\Desktop\Project---LSC-2\Application\advanced\vendor\yiisoft\yii2\base\Application.php(375): yii\web\Application->handleRequest(Object(yii\web\Request))
#1 C:\Users\johan\Desktop\Project---LSC-2\Application\advanced\backend\web\index.php(18): yii\base\Application->run()
#2 {main}
2016-10-22 23:01:25 [::1][-][3iu5l0j8sf0f7ru1ljd5uvr0a3][info][application] $_GET = [
    'r' => 'tii'
]

$_COOKIE = [
    'PHPSESSID' => '3iu5l0j8sf0f7ru1ljd5uvr0a3'
    '_csrf' => '79bcb3fe727bd7977fb2cbcec652b4d0ec9d62e5a0284e0335c52b17d83a04d5a:2:{i:0;s:5:\"_csrf\";i:1;s:32:\"3h5Ei4OSWmj0ueS3zOD8Hga9Mt7xEnzd\";}'
]

$_SESSION = [
    '__flash' => []
]

$_SERVER = [
    'MIBDIRS' => 'C:/xampp/php/extras/mibs'
    'MYSQL_HOME' => '\\xampp\\mysql\\bin'
    'OPENSSL_CONF' => 'C:/xampp/apache/bin/openssl.cnf'
    'PHP_PEAR_SYSCONF_DIR' => '\\xampp\\php'
    'PHPRC' => '\\xampp\\php'
    'TMP' => '\\xampp\\tmp'
    'HTTP_HOST' => 'localhost'
    'HTTP_CONNECTION' => 'keep-alive'
    'HTTP_UPGRADE_INSECURE_REQUESTS' => '1'
    'HTTP_USER_AGENT' => 'Mozilla/5.0 (Windows NT 10.0; Win64; x64) AppleWebKit/537.36 (KHTML, like Gecko) Chrome/53.0.2785.143 Safari/537.36'
    'HTTP_ACCEPT' => 'text/html,application/xhtml+xml,application/xml;q=0.9,image/webp,*/*;q=0.8'
    'HTTP_ACCEPT_ENCODING' => 'gzip, deflate, sdch'
    'HTTP_ACCEPT_LANGUAGE' => 'en-US,en;q=0.8'
    'HTTP_COOKIE' => 'PHPSESSID=3iu5l0j8sf0f7ru1ljd5uvr0a3; _csrf=79bcb3fe727bd7977fb2cbcec652b4d0ec9d62e5a0284e0335c52b17d83a04d5a%3A2%3A%7Bi%3A0%3Bs%3A5%3A%22_csrf%22%3Bi%3A1%3Bs%3A32%3A%223h5Ei4OSWmj0ueS3zOD8Hga9Mt7xEnzd%22%3B%7D'
    'PATH' => 'C:\\ProgramData\\Oracle\\Java\\javapath;C:\\WINDOWS\\system32;C:\\WINDOWS;C:\\WINDOWS\\System32\\Wbem;C:\\WINDOWS\\System32\\WindowsPowerShell\\v1.0\\;C:\\Program Files\\TortoiseSVN\\bin;C:\\Program Files\\Java\\jdk1.8.0_91\\bin;C:\\Program Files\\Java\\jre1.8.0_91\\bin;C:\\xampp\\htdocs\\advanced;C:\\Program Files\\TortoiseGit\\bin;C:\\xampp\\;C:\\xampp\\htdocs\\advanced\\init;C:\\WINDOWS\\system32\\config\\systemprofile\\.dnx\\bin;C:\\Program Files\\Microsoft DNX\\Dnvm\\;C:\\Program Files\\Microsoft SQL Server\\130\\Tools\\Binn\\;C:\\xampp\\php;C:\\ProgramData\\ComposerSetup\\bin;C:\\Program Files\\CloudFoundry;C:\\Program Files\\Git\\cmd;C:\\Users\\johan\\AppData\\Roaming\\Composer\\vendor\\bin;C:\\Users\\johan\\AppData\\Local\\Microsoft\\WindowsApps;'
    'SystemRoot' => 'C:\\WINDOWS'
    'COMSPEC' => 'C:\\WINDOWS\\system32\\cmd.exe'
    'PATHEXT' => '.COM;.EXE;.BAT;.CMD;.VBS;.VBE;.JS;.JSE;.WSF;.WSH;.MSC'
    'WINDIR' => 'C:\\WINDOWS'
    'SERVER_SIGNATURE' => '<address>Apache/2.4.17 (Win32) OpenSSL/1.0.2d PHP/5.6.21 Server at localhost Port 80</address>
'
    'SERVER_SOFTWARE' => 'Apache/2.4.17 (Win32) OpenSSL/1.0.2d PHP/5.6.21'
    'SERVER_NAME' => 'localhost'
    'SERVER_ADDR' => '::1'
    'SERVER_PORT' => '80'
    'REMOTE_ADDR' => '::1'
    'DOCUMENT_ROOT' => 'C:/xampp/htdocs'
    'REQUEST_SCHEME' => 'http'
    'CONTEXT_PREFIX' => ''
    'CONTEXT_DOCUMENT_ROOT' => 'C:/xampp/htdocs'
    'SERVER_ADMIN' => 'postmaster@localhost'
    'SCRIPT_FILENAME' => 'C:/xampp/htdocs/advanced/backend/web/index.php'
    'REMOTE_PORT' => '51955'
    'GATEWAY_INTERFACE' => 'CGI/1.1'
    'SERVER_PROTOCOL' => 'HTTP/1.1'
    'REQUEST_METHOD' => 'GET'
    'QUERY_STRING' => 'r=tii'
    'REQUEST_URI' => '/advanced/backend/web/index.php?r=tii'
    'SCRIPT_NAME' => '/advanced/backend/web/index.php'
    'PHP_SELF' => '/advanced/backend/web/index.php'
    'REQUEST_TIME_FLOAT' => 1477170085.558
    'REQUEST_TIME' => 1477170085
]
